Using pre-set license
Built from '2021.3/release' branch; Version is '2021.3.12f1 (8af3c3e441b1) revision 9106371'; Using compiler version '192829333'; Build Type 'Release'
OS: 'Windows 10  (10.0.18363) 64bit Core' Language: 'zh' Physical Memory: 20088 MB
BatchMode: 1, IsHumanControllingUs: 0, StartBugReporterOnCrash: 0, Is64bit: 1, IsPro: 1

COMMAND LINE ARGUMENTS:
C:\Program Files\Unity 2019.3.0b9\Editor\2021.3.12f1\Editor\Unity.exe
-adb2
-batchMode
-noUpm
-name
AssetImportWorker0
-projectPath
C:/Users/debbyc/Desktop/3DGP/3DGP_Course_Project
-logFile
Logs/AssetImportWorker0.log
-srvPort
6444
Successfully changed project path to: C:/Users/debbyc/Desktop/3DGP/3DGP_Course_Project
C:/Users/debbyc/Desktop/3DGP/3DGP_Course_Project
[UnityMemory] Configuration Parameters - Can be set up in boot.config
    "memorysetup-bucket-allocator-granularity=16"
    "memorysetup-bucket-allocator-bucket-count=8"
    "memorysetup-bucket-allocator-block-size=33554432"
    "memorysetup-bucket-allocator-block-count=8"
    "memorysetup-main-allocator-block-size=16777216"
    "memorysetup-thread-allocator-block-size=16777216"
    "memorysetup-gfx-main-allocator-block-size=16777216"
    "memorysetup-gfx-thread-allocator-block-size=16777216"
    "memorysetup-cache-allocator-block-size=4194304"
    "memorysetup-typetree-allocator-block-size=2097152"
    "memorysetup-profiler-bucket-allocator-granularity=16"
    "memorysetup-profiler-bucket-allocator-bucket-count=8"
    "memorysetup-profiler-bucket-allocator-block-size=33554432"
    "memorysetup-profiler-bucket-allocator-block-count=8"
    "memorysetup-profiler-allocator-block-size=16777216"
    "memorysetup-profiler-editor-allocator-block-size=1048576"
    "memorysetup-temp-allocator-size-main=16777216"
    "memorysetup-job-temp-allocator-block-size=2097152"
    "memorysetup-job-temp-allocator-block-size-background=1048576"
    "memorysetup-job-temp-allocator-reduction-small-platforms=262144"
    "memorysetup-temp-allocator-size-background-worker=32768"
    "memorysetup-temp-allocator-size-job-worker=262144"
    "memorysetup-temp-allocator-size-preload-manager=33554432"
    "memorysetup-temp-allocator-size-nav-mesh-worker=65536"
    "memorysetup-temp-allocator-size-audio-worker=65536"
    "memorysetup-temp-allocator-size-cloud-worker=32768"
    "memorysetup-temp-allocator-size-gi-baking-worker=262144"
    "memorysetup-temp-allocator-size-gfx=262144"
Refreshing native plugins compatible for Editor in 194.93 ms, found 3 plugins.
Preloading 0 native plugins for Editor in 0.00 ms.
Initialize engine version: 2021.3.12f1 (8af3c3e441b1)
[Subsystems] Discovering subsystems at path C:/Program Files/Unity 2019.3.0b9/Editor/2021.3.12f1/Editor/Data/Resources/UnitySubsystems
[Subsystems] Discovering subsystems at path C:/Users/debbyc/Desktop/3DGP/3DGP_Course_Project/Assets
GfxDevice: creating device client; threaded=0; jobified=0
Direct3D:
    Version:  Direct3D 11.0 [level 11.1]
    Renderer: NVIDIA GeForce MX350 (ID=0x1c94)
    Vendor:   NVIDIA
    VRAM:     1979 MB
    Driver:   27.21.14.6089
Initialize mono
Mono path[0] = 'C:/Program Files/Unity 2019.3.0b9/Editor/2021.3.12f1/Editor/Data/Managed'
Mono path[1] = 'C:/Program Files/Unity 2019.3.0b9/Editor/2021.3.12f1/Editor/Data/MonoBleedingEdge/lib/mono/unityjit-win32'
Mono config path = 'C:/Program Files/Unity 2019.3.0b9/Editor/2021.3.12f1/Editor/Data/MonoBleedingEdge/etc'
Using monoOptions --debugger-agent=transport=dt_socket,embedding=1,server=y,suspend=n,address=127.0.0.1:56472
Begin MonoManager ReloadAssembly
Registering precompiled unity dll's ...
Register platform support module: C:/Program Files/Unity 2019.3.0b9/Editor/2021.3.12f1/Editor/Data/PlaybackEngines/WindowsStandaloneSupport/UnityEditor.WindowsStandalone.Extensions.dll
Registered in 0.005496 seconds.
Native extension for WindowsStandalone target not found
Refreshing native plugins compatible for Editor in 114.14 ms, found 3 plugins.
Preloading 0 native plugins for Editor in 0.00 ms.
Mono: successfully reloaded assembly
- Completed reload, in  0.919 seconds
Domain Reload Profiling:
	ReloadAssembly (919ms)
		BeginReloadAssembly (110ms)
			ExecutionOrderSort (0ms)
			DisableScriptedObjects (0ms)
			BackupInstance (0ms)
			ReleaseScriptingObjects (0ms)
			CreateAndSetChildDomain (1ms)
		EndReloadAssembly (646ms)
			LoadAssemblies (107ms)
			RebuildTransferFunctionScriptingTraits (0ms)
			SetupTypeCache (162ms)
			ReleaseScriptCaches (0ms)
			RebuildScriptCaches (41ms)
			SetupLoadedEditorAssemblies (365ms)
				LogAssemblyErrors (0ms)
				InitializePlatformSupportModulesInManaged (13ms)
				SetLoadedEditorAssemblies (0ms)
				RefreshPlugins (114ms)
				BeforeProcessingInitializeOnLoad (2ms)
				ProcessInitializeOnLoadAttributes (172ms)
				ProcessInitializeOnLoadMethodAttributes (64ms)
				AfterProcessingInitializeOnLoad (0ms)
				EditorAssembliesLoaded (0ms)
			ExecutionOrderSort2 (0ms)
			AwakeInstancesAfterBackupRestoration (0ms)
Platform modules already initialized, skipping
Registering precompiled user dll's ...
Registered in 0.006781 seconds.
Begin MonoManager ReloadAssembly
Symbol file LoadedFromMemory doesn't match image C:\Users\debbyc\Desktop\3DGP\3DGP_Course_Project\Library\PackageCache\com.unity.visualscripting@1.7.8\Editor\VisualScripting.Core\Dependencies\YamlDotNet\Unity.VisualScripting.YamlDotNet.dll
Symbol file LoadedFromMemory doesn't match image C:\Users\debbyc\Desktop\3DGP\3DGP_Course_Project\Library\PackageCache\com.unity.visualscripting@1.7.8\Editor\VisualScripting.Core\Dependencies\DotNetZip\Unity.VisualScripting.IonicZip.dll
Native extension for WindowsStandalone target not found
Refreshing native plugins compatible for Editor in 0.60 ms, found 3 plugins.
Preloading 0 native plugins for Editor in 0.00 ms.
Mono: successfully reloaded assembly
- Completed reload, in  1.800 seconds
Domain Reload Profiling:
	ReloadAssembly (1801ms)
		BeginReloadAssembly (312ms)
			ExecutionOrderSort (0ms)
			DisableScriptedObjects (13ms)
			BackupInstance (0ms)
			ReleaseScriptingObjects (0ms)
			CreateAndSetChildDomain (32ms)
		EndReloadAssembly (1239ms)
			LoadAssemblies (279ms)
			RebuildTransferFunctionScriptingTraits (0ms)
			SetupTypeCache (403ms)
			ReleaseScriptCaches (1ms)
			RebuildScriptCaches (80ms)
			SetupLoadedEditorAssemblies (553ms)
				LogAssemblyErrors (0ms)
				InitializePlatformSupportModulesInManaged (7ms)
				SetLoadedEditorAssemblies (1ms)
				RefreshPlugins (1ms)
				BeforeProcessingInitializeOnLoad (113ms)
				ProcessInitializeOnLoadAttributes (363ms)
				ProcessInitializeOnLoadMethodAttributes (57ms)
				AfterProcessingInitializeOnLoad (11ms)
				EditorAssembliesLoaded (0ms)
			ExecutionOrderSort2 (0ms)
			AwakeInstancesAfterBackupRestoration (8ms)
Platform modules already initialized, skipping
========================================================================
Worker process is ready to serve import requests
Launched and connected shader compiler UnityShaderCompiler.exe after 0.08 seconds
Refreshing native plugins compatible for Editor in 0.90 ms, found 3 plugins.
Preloading 0 native plugins for Editor in 0.00 ms.
Unloading 3381 Unused Serialized files (Serialized files now loaded: 0)
Unloading 27 unused Assets / (113.4 KB). Loaded Objects now: 3838.
Memory consumption went from 116.3 MB to 116.2 MB.
Total: 5.132900 ms (FindLiveObjects: 0.451900 ms CreateObjectMapping: 0.310700 ms MarkObjects: 4.166800 ms  DeleteObjects: 0.199600 ms)

AssetImportParameters requested are different than current active one (requested -> active):
  custom:video-decoder-ogg-theora: a1e56fd34408186e4bbccfd4996cb3dc -> 
  custom:container-muxer-webm: aa71ff27fc2769a1b78a27578f13a17b -> 
  custom:container-demuxer-webm: 4f35f7cbe854078d1ac9338744f61a02 -> 
  custom:video-encoder-webm-vp8: eb34c28f22e8b96e1ab97ce403110664 -> 
  custom:audio-encoder-webm-vorbis: bf7c407c2cedff20999df2af8eb42d56 -> 
  custom:framework-win-MediaFoundation: 216162199b28c13a410421893ffa2e32 -> 
  custom:container-demuxer-ogg: 62fdf1f143b41e24485cea50d1cbac27 -> 
  custom:video-decoder-webm-vp8: 9c59270c3fd7afecdb556c50c9e8de78 -> 
  custom:audio-decoder-ogg-vorbis: bf7c407c2cedff20999df2af8eb42d56 -> 
========================================================================
Received Import Request.
  Time since last request: 29062.731341 seconds.
  path: Assets/Maze_01.prefab
  artifactKey: Guid(f6767e2128d182b488890d6d27f3778c) Importer(815301076,1909f56bfc062723c751e8b465ee728b)
Start importing Assets/Maze_01.prefab using Guid(f6767e2128d182b488890d6d27f3778c) Importer(815301076,1909f56bfc062723c751e8b465ee728b)  -> (artifact id: '4a15846d7d994a723452031cf07d8ea8') in 0.055217 seconds 
========================================================================
Received Import Request.
  Time since last request: 27.902094 seconds.
  path: Assets/Prefabs
  artifactKey: Guid(b805872687ee456458c5feb14e977d2e) Importer(815301076,1909f56bfc062723c751e8b465ee728b)
Start importing Assets/Prefabs using Guid(b805872687ee456458c5feb14e977d2e) Importer(815301076,1909f56bfc062723c751e8b465ee728b)  -> (artifact id: '706e2657bc022c2db82028c62d7048fd') in 0.003469 seconds 
========================================================================
Received Import Request.
  Time since last request: 1.115529 seconds.
  path: Assets/Prefabs/Enviornment
  artifactKey: Guid(43a118d05c13ee345a9fe665fcda63ac) Importer(815301076,1909f56bfc062723c751e8b465ee728b)
Start importing Assets/Prefabs/Enviornment using Guid(43a118d05c13ee345a9fe665fcda63ac) Importer(815301076,1909f56bfc062723c751e8b465ee728b)  -> (artifact id: 'be3615750894c344771f93140e00cf0b') in 0.003734 seconds 
========================================================================
Received Import Request.
  Time since last request: 0.063771 seconds.
  path: Assets/Prefabs/Enviornment/Maze_01.prefab
  artifactKey: Guid(e6526052046af5941943d80d7d4d4f54) Importer(815301076,1909f56bfc062723c751e8b465ee728b)
Start importing Assets/Prefabs/Enviornment/Maze_01.prefab using Guid(e6526052046af5941943d80d7d4d4f54) Importer(815301076,1909f56bfc062723c751e8b465ee728b)  -> (artifact id: 'a44eb710142cdc1dc818e213467ea15d') in 0.010736 seconds 
========================================================================
Received Import Request.
  Time since last request: 0.000041 seconds.
  path: Assets/Prefabs/Enviornment/Maze_01_YellowRed.prefab
  artifactKey: Guid(a35802cbcbc46ae4680604cf034aabe2) Importer(815301076,1909f56bfc062723c751e8b465ee728b)
Start importing Assets/Prefabs/Enviornment/Maze_01_YellowRed.prefab using Guid(a35802cbcbc46ae4680604cf034aabe2) Importer(815301076,1909f56bfc062723c751e8b465ee728b)  -> (artifact id: 'b77163d7afcfa4f5b9fb7bbdd6a0c3d2') in 0.013850 seconds 
========================================================================
Received Import Request.
  Time since last request: 0.000044 seconds.
  path: Assets/Prefabs/Enviornment/Maze_01_Neon.prefab
  artifactKey: Guid(70fcc9f55ea0ad74bb6799e5690cb4a4) Importer(815301076,1909f56bfc062723c751e8b465ee728b)
Start importing Assets/Prefabs/Enviornment/Maze_01_Neon.prefab using Guid(70fcc9f55ea0ad74bb6799e5690cb4a4) Importer(815301076,1909f56bfc062723c751e8b465ee728b)  -> (artifact id: 'eb3e7c3a3d390b05cb2682208aa1652f') in 0.017393 seconds 
========================================================================
Received Import Request.
  Time since last request: 0.000071 seconds.
  path: Assets/Prefabs/Enviornment/Maze_01_OrageRed.prefab
  artifactKey: Guid(7bb5d66d5f0caa94dbf73c83f062ec5f) Importer(815301076,1909f56bfc062723c751e8b465ee728b)
Start importing Assets/Prefabs/Enviornment/Maze_01_OrageRed.prefab using Guid(7bb5d66d5f0caa94dbf73c83f062ec5f) Importer(815301076,1909f56bfc062723c751e8b465ee728b)  -> (artifact id: 'dc444c55a046584fd3226d32cd6fb326') in 0.015221 seconds 
========================================================================
Received Prepare
Refreshing native plugins compatible for Editor in 17.14 ms, found 3 plugins.
Preloading 0 native plugins for Editor in 0.00 ms.
Unloading 137 Unused Serialized files (Serialized files now loaded: 0)
Unloading 30 unused Assets / (77.1 KB). Loaded Objects now: 3951.
Memory consumption went from 51.9 MB to 51.8 MB.
Total: 14.626700 ms (FindLiveObjects: 1.077500 ms CreateObjectMapping: 0.740800 ms MarkObjects: 11.296300 ms  DeleteObjects: 1.509100 ms)

AssetImportParameters requested are different than current active one (requested -> active):
  custom:video-decoder-ogg-theora: a1e56fd34408186e4bbccfd4996cb3dc -> 
  custom:container-muxer-webm: aa71ff27fc2769a1b78a27578f13a17b -> 
  custom:container-demuxer-webm: 4f35f7cbe854078d1ac9338744f61a02 -> 
  custom:video-encoder-webm-vp8: eb34c28f22e8b96e1ab97ce403110664 -> 
  custom:audio-encoder-webm-vorbis: bf7c407c2cedff20999df2af8eb42d56 -> 
  custom:framework-win-MediaFoundation: 216162199b28c13a410421893ffa2e32 -> 
  custom:container-demuxer-ogg: 62fdf1f143b41e24485cea50d1cbac27 -> 
  custom:video-decoder-webm-vp8: 9c59270c3fd7afecdb556c50c9e8de78 -> 
  custom:audio-decoder-ogg-vorbis: bf7c407c2cedff20999df2af8eb42d56 -> 
========================================================================
Received Prepare
Refreshing native plugins compatible for Editor in 10.23 ms, found 3 plugins.
Preloading 0 native plugins for Editor in 0.00 ms.
Unloading 30 Unused Serialized files (Serialized files now loaded: 0)
Unloading 30 unused Assets / (78.1 KB). Loaded Objects now: 3951.
Memory consumption went from 49.8 MB to 49.7 MB.
Total: 10.079900 ms (FindLiveObjects: 0.653700 ms CreateObjectMapping: 0.601000 ms MarkObjects: 8.565000 ms  DeleteObjects: 0.257700 ms)

AssetImportParameters requested are different than current active one (requested -> active):
  custom:video-decoder-ogg-theora: a1e56fd34408186e4bbccfd4996cb3dc -> 
  custom:container-muxer-webm: aa71ff27fc2769a1b78a27578f13a17b -> 
  custom:container-demuxer-webm: 4f35f7cbe854078d1ac9338744f61a02 -> 
  custom:video-encoder-webm-vp8: eb34c28f22e8b96e1ab97ce403110664 -> 
  custom:audio-encoder-webm-vorbis: bf7c407c2cedff20999df2af8eb42d56 -> 
  custom:framework-win-MediaFoundation: 216162199b28c13a410421893ffa2e32 -> 
  custom:container-demuxer-ogg: 62fdf1f143b41e24485cea50d1cbac27 -> 
  custom:video-decoder-webm-vp8: 9c59270c3fd7afecdb556c50c9e8de78 -> 
  custom:audio-decoder-ogg-vorbis: bf7c407c2cedff20999df2af8eb42d56 -> 
========================================================================
Received Import Request.
  Time since last request: 317.828370 seconds.
  path: Assets/_ChompMan-PM
  artifactKey: Guid(9c11cfca841bb0544b902ace1a94be38) Importer(815301076,1909f56bfc062723c751e8b465ee728b)
Start importing Assets/_ChompMan-PM using Guid(9c11cfca841bb0544b902ace1a94be38) Importer(815301076,1909f56bfc062723c751e8b465ee728b)  -> (artifact id: 'a0f0a561844c459bed65d9fabfe94bef') in 0.010035 seconds 
========================================================================
Received Import Request.
  Time since last request: 63.358523 seconds.
  path: Assets/Prefabs/Props
  artifactKey: Guid(ee0778a11efc2d54892bc1fd9e497230) Importer(815301076,1909f56bfc062723c751e8b465ee728b)
Start importing Assets/Prefabs/Props using Guid(ee0778a11efc2d54892bc1fd9e497230) Importer(815301076,1909f56bfc062723c751e8b465ee728b)  -> (artifact id: 'bfe1e2a88ccda8376b3e01267d200efe') in 0.009877 seconds 
========================================================================
Received Import Request.
  Time since last request: 0.047505 seconds.
  path: Assets/Prefabs/Props/Cherry Variant.prefab
  artifactKey: Guid(8dadb4a5d9de8a941b6bb68d601ad73f) Importer(815301076,1909f56bfc062723c751e8b465ee728b)
Start importing Assets/Prefabs/Props/Cherry Variant.prefab using Guid(8dadb4a5d9de8a941b6bb68d601ad73f) Importer(815301076,1909f56bfc062723c751e8b465ee728b)  -> (artifact id: '47f28859e7da3f62fdb405af8869a15a') in 0.397839 seconds 
========================================================================
Received Import Request.
  Time since last request: 467.333213 seconds.
  path: Assets/SineVFX
  artifactKey: Guid(3a41c217ed7a3df49bfcfc5d8db9bf48) Importer(815301076,1909f56bfc062723c751e8b465ee728b)
Start importing Assets/SineVFX using Guid(3a41c217ed7a3df49bfcfc5d8db9bf48) Importer(815301076,1909f56bfc062723c751e8b465ee728b)  -> (artifact id: 'c3c8f5957abfd0ecb4dd4911ecd438f1') in 0.016138 seconds 
========================================================================
Received Import Request.
  Time since last request: 1.085272 seconds.
  path: Assets/SineVFX/PostProcessingV2
  artifactKey: Guid(baa2d3d1c14d40e4da5c8a263953d32b) Importer(815301076,1909f56bfc062723c751e8b465ee728b)
Start importing Assets/SineVFX/PostProcessingV2 using Guid(baa2d3d1c14d40e4da5c8a263953d32b) Importer(815301076,1909f56bfc062723c751e8b465ee728b)  -> (artifact id: '7b073a318564ffa22a90671fc083a785') in 0.026861 seconds 
========================================================================
Received Import Request.
  Time since last request: 0.050775 seconds.
  path: Assets/SineVFX/PostProcessingV2/New Post-processing Profile.asset
  artifactKey: Guid(f043b5f7d71f5934ca0fcbecd6c97782) Importer(815301076,1909f56bfc062723c751e8b465ee728b)
Start importing Assets/SineVFX/PostProcessingV2/New Post-processing Profile.asset using Guid(f043b5f7d71f5934ca0fcbecd6c97782) Importer(815301076,1909f56bfc062723c751e8b465ee728b)  -> (artifact id: 'c5a5467920ce5856be07c2764df3238d') in 0.016657 seconds 
========================================================================
Received Import Request.
  Time since last request: 3.465285 seconds.
  path: Assets/SineVFX/TranslucentCrystals
  artifactKey: Guid(0c6b8e5d60d9fa44381a5a682ff8562c) Importer(815301076,1909f56bfc062723c751e8b465ee728b)
Start importing Assets/SineVFX/TranslucentCrystals using Guid(0c6b8e5d60d9fa44381a5a682ff8562c) Importer(815301076,1909f56bfc062723c751e8b465ee728b)  -> (artifact id: '17d6d68bc28ee13bcc1c78a5888124b7') in 0.013902 seconds 
========================================================================
Received Import Request.
  Time since last request: 2.979939 seconds.
  path: Assets/SineVFX/TranslucentCrystals/Scenes
  artifactKey: Guid(6918244c62cfd184ab4412a0e687f3bf) Importer(815301076,1909f56bfc062723c751e8b465ee728b)
Start importing Assets/SineVFX/TranslucentCrystals/Scenes using Guid(6918244c62cfd184ab4412a0e687f3bf) Importer(815301076,1909f56bfc062723c751e8b465ee728b)  -> (artifact id: '0658f501bb0f40291a6c3ffb99c0dfb5') in 0.014195 seconds 
========================================================================
Received Import Request.
  Time since last request: 2.049378 seconds.
  path: Assets/SineVFX/TranslucentCrystals/Scenes/DemoScene.unity
  artifactKey: Guid(3cdf5cdb91ed3d5459979600b2b9f11a) Importer(815301076,1909f56bfc062723c751e8b465ee728b)
Start importing Assets/SineVFX/TranslucentCrystals/Scenes/DemoScene.unity using Guid(3cdf5cdb91ed3d5459979600b2b9f11a) Importer(815301076,1909f56bfc062723c751e8b465ee728b)  -> (artifact id: 'c48c791b7fadf279761f77811ed55fc1') in 0.009206 seconds 
========================================================================
Received Import Request.
  Time since last request: 19.405974 seconds.
  path: Assets/Scenes
  artifactKey: Guid(6ea315d0fd7389c41b19996891e99ae3) Importer(815301076,1909f56bfc062723c751e8b465ee728b)
Start importing Assets/Scenes using Guid(6ea315d0fd7389c41b19996891e99ae3) Importer(815301076,1909f56bfc062723c751e8b465ee728b)  -> (artifact id: 'b8193726cff86800c54781cdc6d54904') in 0.003296 seconds 
========================================================================
Received Import Request.
  Time since last request: 2.333570 seconds.
  path: Assets/Scenes/SampleScene.unity
  artifactKey: Guid(9fc0d4010bbf28b4594072e72b8655ab) Importer(815301076,1909f56bfc062723c751e8b465ee728b)
Start importing Assets/Scenes/SampleScene.unity using Guid(9fc0d4010bbf28b4594072e72b8655ab) Importer(815301076,1909f56bfc062723c751e8b465ee728b)  -> (artifact id: 'f09cdc9f3d8cd5233a9e4e8f30326c56') in 0.009760 seconds 
========================================================================
Received Import Request.
  Time since last request: 4.320367 seconds.
  path: Assets/SineVFX/TranslucentCrystals/Prefabs
  artifactKey: Guid(57ba1372d1301cc4fb18ae9042873fd8) Importer(815301076,1909f56bfc062723c751e8b465ee728b)
Start importing Assets/SineVFX/TranslucentCrystals/Prefabs using Guid(57ba1372d1301cc4fb18ae9042873fd8) Importer(815301076,1909f56bfc062723c751e8b465ee728b)  -> (artifact id: 'ab64e6b83457b5e9b6fb03749e668e61') in 0.010813 seconds 
========================================================================
Received Import Request.
  Time since last request: 0.043419 seconds.
  path: Assets/SineVFX/TranslucentCrystals/Prefabs/Crystalsv01.prefab
  artifactKey: Guid(8ad137f6808375f4e885d60451f0c4fc) Importer(815301076,1909f56bfc062723c751e8b465ee728b)
Start importing Assets/SineVFX/TranslucentCrystals/Prefabs/Crystalsv01.prefab using Guid(8ad137f6808375f4e885d60451f0c4fc) Importer(815301076,1909f56bfc062723c751e8b465ee728b)  -> (artifact id: 'aca87fcd0ad371d78a2d71792b7afe28') in 0.347020 seconds 
========================================================================
Received Import Request.
  Time since last request: 0.000027 seconds.
  path: Assets/SineVFX/TranslucentCrystals/Prefabs/Crystalsv10.prefab
  artifactKey: Guid(227f9257bcc7175478a7f935e3bfc552) Importer(815301076,1909f56bfc062723c751e8b465ee728b)
Start importing Assets/SineVFX/TranslucentCrystals/Prefabs/Crystalsv10.prefab using Guid(227f9257bcc7175478a7f935e3bfc552) Importer(815301076,1909f56bfc062723c751e8b465ee728b)  -> (artifact id: '54ec1e4d3e779c3fa0bf8ed0b19fd3fc') in 0.384902 seconds 
========================================================================
Received Import Request.
  Time since last request: 0.000039 seconds.
  path: Assets/SineVFX/TranslucentCrystals/Prefabs/Crystalsv04.prefab
  artifactKey: Guid(ff31047102e4ad54da5383aa244844cf) Importer(815301076,1909f56bfc062723c751e8b465ee728b)
Start importing Assets/SineVFX/TranslucentCrystals/Prefabs/Crystalsv04.prefab using Guid(ff31047102e4ad54da5383aa244844cf) Importer(815301076,1909f56bfc062723c751e8b465ee728b)  -> (artifact id: '3a247a54279dd569a84d13156fa02abe') in 0.036433 seconds 
========================================================================
Received Import Request.
  Time since last request: 0.000029 seconds.
  path: Assets/SineVFX/TranslucentCrystals/Prefabs/Crystalsv06.prefab
  artifactKey: Guid(4aa7f4f0acab60742bea9a9f6a3bb144) Importer(815301076,1909f56bfc062723c751e8b465ee728b)
Start importing Assets/SineVFX/TranslucentCrystals/Prefabs/Crystalsv06.prefab using Guid(4aa7f4f0acab60742bea9a9f6a3bb144) Importer(815301076,1909f56bfc062723c751e8b465ee728b)  -> (artifact id: '3cdf6d29ef4a4aa61435a0217293d5a5') in 0.035078 seconds 
========================================================================
Received Import Request.
  Time since last request: 0.000031 seconds.
  path: Assets/SineVFX/TranslucentCrystals/Prefabs/Crystalsv05.prefab
  artifactKey: Guid(ee88617da51e3e8479a812f9d58a94be) Importer(815301076,1909f56bfc062723c751e8b465ee728b)
Start importing Assets/SineVFX/TranslucentCrystals/Prefabs/Crystalsv05.prefab using Guid(ee88617da51e3e8479a812f9d58a94be) Importer(815301076,1909f56bfc062723c751e8b465ee728b)  -> (artifact id: '428f79f1a68c08c74c35738bfcae2292') in 0.059401 seconds 
========================================================================
Received Import Request.
  Time since last request: 777.548174 seconds.
  path: Assets/Kawaii Slime
  artifactKey: Guid(b07a2632b98d6cc40b2d892124f2ff6d) Importer(815301076,1909f56bfc062723c751e8b465ee728b)
Start importing Assets/Kawaii Slime using Guid(b07a2632b98d6cc40b2d892124f2ff6d) Importer(815301076,1909f56bfc062723c751e8b465ee728b)  -> (artifact id: '67cdd4a05e986872c3199fe356d16aac') in 0.014729 seconds 
========================================================================
Received Import Request.
  Time since last request: 2.394113 seconds.
  path: Assets/Kawaii Slime/AllSlime.unity
  artifactKey: Guid(c864b7e194d48b941b6901cd209b4a43) Importer(815301076,1909f56bfc062723c751e8b465ee728b)
Start importing Assets/Kawaii Slime/AllSlime.unity using Guid(c864b7e194d48b941b6901cd209b4a43) Importer(815301076,1909f56bfc062723c751e8b465ee728b)  -> (artifact id: 'b31ca48586eac6ec9cd1d28c02055f76') in 0.008439 seconds 
========================================================================
Received Import Request.
  Time since last request: 0.475008 seconds.
  path: Assets/Kawaii Slime/Animated.unity
  artifactKey: Guid(d4bd97fddea960b479c3e63f6eb6465c) Importer(815301076,1909f56bfc062723c751e8b465ee728b)
Start importing Assets/Kawaii Slime/Animated.unity using Guid(d4bd97fddea960b479c3e63f6eb6465c) Importer(815301076,1909f56bfc062723c751e8b465ee728b)  -> (artifact id: '392380041b1600dd6d3df0afcf484f21') in 0.012796 seconds 
========================================================================
Received Import Request.
  Time since last request: 77.933236 seconds.
  path: Packages/com.unity.package-manager-ui/Editor/Resources/Templates/PackageDetails.uxml
  artifactKey: Guid(93c1370867fcb45079592da39e0994c5) Importer(815301076,1909f56bfc062723c751e8b465ee728b)
Start importing Packages/com.unity.package-manager-ui/Editor/Resources/Templates/PackageDetails.uxml using Guid(93c1370867fcb45079592da39e0994c5) Importer(815301076,1909f56bfc062723c751e8b465ee728b)  -> (artifact id: '23c95822da3ccbc0633171d9e52685c1') in 0.019386 seconds 
========================================================================
Received Import Request.
  Time since last request: 5.385558 seconds.
  path: Packages/com.unity.package-manager-ui/Editor/Resources/Templates/Alert.uxml
  artifactKey: Guid(4f768b64e6c37495699fffe3007e4379) Importer(815301076,1909f56bfc062723c751e8b465ee728b)
Start importing Packages/com.unity.package-manager-ui/Editor/Resources/Templates/Alert.uxml using Guid(4f768b64e6c37495699fffe3007e4379) Importer(815301076,1909f56bfc062723c751e8b465ee728b)  -> (artifact id: '4d13e5e3a377afa952c065ea6a393aee') in 0.011947 seconds 
========================================================================
Received Import Request.
  Time since last request: 0.000050 seconds.
  path: Packages/com.unity.package-manager-ui/Editor/Resources/Templates/PackageManagerWindow.uxml
  artifactKey: Guid(a8d9e44eff3f447db9448925617ccb44) Importer(815301076,1909f56bfc062723c751e8b465ee728b)
Start importing Packages/com.unity.package-manager-ui/Editor/Resources/Templates/PackageManagerWindow.uxml using Guid(a8d9e44eff3f447db9448925617ccb44) Importer(815301076,1909f56bfc062723c751e8b465ee728b)  -> (artifact id: 'aa102f79b27073ac9b008c449d4ebfb3') in 0.015490 seconds 
========================================================================
Received Import Request.
  Time since last request: 0.000028 seconds.
  path: Packages/com.unity.package-manager-ui/Editor/Resources/Templates/PackageGroup.uxml
  artifactKey: Guid(25ebe415cc14c4f4ea15c34a796b75bb) Importer(815301076,1909f56bfc062723c751e8b465ee728b)
Start importing Packages/com.unity.package-manager-ui/Editor/Resources/Templates/PackageGroup.uxml using Guid(25ebe415cc14c4f4ea15c34a796b75bb) Importer(815301076,1909f56bfc062723c751e8b465ee728b)  -> (artifact id: '001890ae3ee9be2c30f8573e989c57ef') in 0.012628 seconds 
========================================================================
Received Import Request.
  Time since last request: 0.000064 seconds.
  path: Packages/com.unity.package-manager-ui/Editor/Resources/Templates/PackageManagerToolbar.uxml
  artifactKey: Guid(3aba9fe1ad29b42ffb0eea781318a626) Importer(815301076,1909f56bfc062723c751e8b465ee728b)
Start importing Packages/com.unity.package-manager-ui/Editor/Resources/Templates/PackageManagerToolbar.uxml using Guid(3aba9fe1ad29b42ffb0eea781318a626) Importer(815301076,1909f56bfc062723c751e8b465ee728b)  -> (artifact id: '39f6f30ec0322f45f18be6ffad63b5c8') in 0.016874 seconds 
========================================================================
Received Import Request.
  Time since last request: 0.000194 seconds.
  path: Packages/com.unity.package-manager-ui/Editor/Resources/Templates/PackageSearchToolbar.uxml
  artifactKey: Guid(cd44c1bc0fa624a39aa784af44c62180) Importer(815301076,1909f56bfc062723c751e8b465ee728b)
Start importing Packages/com.unity.package-manager-ui/Editor/Resources/Templates/PackageSearchToolbar.uxml using Guid(cd44c1bc0fa624a39aa784af44c62180) Importer(815301076,1909f56bfc062723c751e8b465ee728b)  -> (artifact id: '027870e2aaf64c1e3e4b74e914a9cf9d') in 0.014961 seconds 
========================================================================
Received Import Request.
  Time since last request: 23.930819 seconds.
  path: Packages/com.unity.package-manager-ui/Editor/Sources/UI/PackageDetails.cs
  artifactKey: Guid(3f3e22b18940a4e828a5170574a3617e) Importer(815301076,1909f56bfc062723c751e8b465ee728b)
Start importing Packages/com.unity.package-manager-ui/Editor/Sources/UI/PackageDetails.cs using Guid(3f3e22b18940a4e828a5170574a3617e) Importer(815301076,1909f56bfc062723c751e8b465ee728b)  -> (artifact id: '043004201aeb9bda7742033aec4aa282') in 0.013662 seconds 
