Using pre-set license
Built from '2021.3/release' branch; Version is '2021.3.12f1 (8af3c3e441b1) revision 9106371'; Using compiler version '192829333'; Build Type 'Release'
OS: 'Windows 10  (10.0.18363) 64bit Core' Language: 'zh' Physical Memory: 20088 MB
BatchMode: 1, IsHumanControllingUs: 0, StartBugReporterOnCrash: 0, Is64bit: 1, IsPro: 1

COMMAND LINE ARGUMENTS:
C:\Program Files\Unity 2019.3.0b9\Editor\2021.3.12f1\Editor\Unity.exe
-adb2
-batchMode
-noUpm
-name
AssetImportWorker0
-projectPath
C:/Users/debbyc/Desktop/3DGP/3DGP_Course_Project
-logFile
Logs/AssetImportWorker0.log
-srvPort
11662
Successfully changed project path to: C:/Users/debbyc/Desktop/3DGP/3DGP_Course_Project
C:/Users/debbyc/Desktop/3DGP/3DGP_Course_Project
[UnityMemory] Configuration Parameters - Can be set up in boot.config
    "memorysetup-bucket-allocator-granularity=16"
    "memorysetup-bucket-allocator-bucket-count=8"
    "memorysetup-bucket-allocator-block-size=33554432"
    "memorysetup-bucket-allocator-block-count=8"
    "memorysetup-main-allocator-block-size=16777216"
    "memorysetup-thread-allocator-block-size=16777216"
    "memorysetup-gfx-main-allocator-block-size=16777216"
    "memorysetup-gfx-thread-allocator-block-size=16777216"
    "memorysetup-cache-allocator-block-size=4194304"
    "memorysetup-typetree-allocator-block-size=2097152"
    "memorysetup-profiler-bucket-allocator-granularity=16"
    "memorysetup-profiler-bucket-allocator-bucket-count=8"
    "memorysetup-profiler-bucket-allocator-block-size=33554432"
    "memorysetup-profiler-bucket-allocator-block-count=8"
    "memorysetup-profiler-allocator-block-size=16777216"
    "memorysetup-profiler-editor-allocator-block-size=1048576"
    "memorysetup-temp-allocator-size-main=16777216"
    "memorysetup-job-temp-allocator-block-size=2097152"
    "memorysetup-job-temp-allocator-block-size-background=1048576"
    "memorysetup-job-temp-allocator-reduction-small-platforms=262144"
    "memorysetup-temp-allocator-size-background-worker=32768"
    "memorysetup-temp-allocator-size-job-worker=262144"
    "memorysetup-temp-allocator-size-preload-manager=33554432"
    "memorysetup-temp-allocator-size-nav-mesh-worker=65536"
    "memorysetup-temp-allocator-size-audio-worker=65536"
    "memorysetup-temp-allocator-size-cloud-worker=32768"
    "memorysetup-temp-allocator-size-gi-baking-worker=262144"
    "memorysetup-temp-allocator-size-gfx=262144"
Refreshing native plugins compatible for Editor in 137.88 ms, found 3 plugins.
Preloading 0 native plugins for Editor in 0.00 ms.
Initialize engine version: 2021.3.12f1 (8af3c3e441b1)
[Subsystems] Discovering subsystems at path C:/Program Files/Unity 2019.3.0b9/Editor/2021.3.12f1/Editor/Data/Resources/UnitySubsystems
[Subsystems] Discovering subsystems at path C:/Users/debbyc/Desktop/3DGP/3DGP_Course_Project/Assets
GfxDevice: creating device client; threaded=0; jobified=0
Direct3D:
    Version:  Direct3D 11.0 [level 11.1]
    Renderer: NVIDIA GeForce MX350 (ID=0x1c94)
    Vendor:   NVIDIA
    VRAM:     1979 MB
    Driver:   27.21.14.6089
Initialize mono
Mono path[0] = 'C:/Program Files/Unity 2019.3.0b9/Editor/2021.3.12f1/Editor/Data/Managed'
Mono path[1] = 'C:/Program Files/Unity 2019.3.0b9/Editor/2021.3.12f1/Editor/Data/MonoBleedingEdge/lib/mono/unityjit-win32'
Mono config path = 'C:/Program Files/Unity 2019.3.0b9/Editor/2021.3.12f1/Editor/Data/MonoBleedingEdge/etc'
Using monoOptions --debugger-agent=transport=dt_socket,embedding=1,server=y,suspend=n,address=127.0.0.1:56716
Begin MonoManager ReloadAssembly
Registering precompiled unity dll's ...
Register platform support module: C:/Program Files/Unity 2019.3.0b9/Editor/2021.3.12f1/Editor/Data/PlaybackEngines/WindowsStandaloneSupport/UnityEditor.WindowsStandalone.Extensions.dll
Registered in 0.007398 seconds.
Native extension for WindowsStandalone target not found
Refreshing native plugins compatible for Editor in 128.01 ms, found 3 plugins.
Preloading 0 native plugins for Editor in 0.00 ms.
Mono: successfully reloaded assembly
- Completed reload, in  1.040 seconds
Domain Reload Profiling:
	ReloadAssembly (1041ms)
		BeginReloadAssembly (102ms)
			ExecutionOrderSort (0ms)
			DisableScriptedObjects (0ms)
			BackupInstance (0ms)
			ReleaseScriptingObjects (0ms)
			CreateAndSetChildDomain (1ms)
		EndReloadAssembly (781ms)
			LoadAssemblies (99ms)
			RebuildTransferFunctionScriptingTraits (0ms)
			SetupTypeCache (238ms)
			ReleaseScriptCaches (0ms)
			RebuildScriptCaches (43ms)
			SetupLoadedEditorAssemblies (390ms)
				LogAssemblyErrors (0ms)
				InitializePlatformSupportModulesInManaged (8ms)
				SetLoadedEditorAssemblies (0ms)
				RefreshPlugins (128ms)
				BeforeProcessingInitializeOnLoad (2ms)
				ProcessInitializeOnLoadAttributes (167ms)
				ProcessInitializeOnLoadMethodAttributes (84ms)
				AfterProcessingInitializeOnLoad (0ms)
				EditorAssembliesLoaded (0ms)
			ExecutionOrderSort2 (0ms)
			AwakeInstancesAfterBackupRestoration (0ms)
Platform modules already initialized, skipping
Registering precompiled user dll's ...
Registered in 0.012818 seconds.
Begin MonoManager ReloadAssembly
Symbol file LoadedFromMemory doesn't match image C:\Users\debbyc\Desktop\3DGP\3DGP_Course_Project\Library\PackageCache\com.unity.visualscripting@1.7.8\Editor\VisualScripting.Core\Dependencies\DotNetZip\Unity.VisualScripting.IonicZip.dll
Symbol file LoadedFromMemory doesn't match image C:\Users\debbyc\Desktop\3DGP\3DGP_Course_Project\Library\PackageCache\com.unity.visualscripting@1.7.8\Editor\VisualScripting.Core\Dependencies\YamlDotNet\Unity.VisualScripting.YamlDotNet.dll
Native extension for WindowsStandalone target not found
Refreshing native plugins compatible for Editor in 1.09 ms, found 3 plugins.
Preloading 0 native plugins for Editor in 0.00 ms.
Package Manager log level set to [2]
Mono: successfully reloaded assembly
- Completed reload, in  1.912 seconds
Domain Reload Profiling:
	ReloadAssembly (1913ms)
		BeginReloadAssembly (164ms)
			ExecutionOrderSort (0ms)
			DisableScriptedObjects (7ms)
			BackupInstance (0ms)
			ReleaseScriptingObjects (1ms)
			CreateAndSetChildDomain (28ms)
		EndReloadAssembly (1556ms)
			LoadAssemblies (159ms)
			RebuildTransferFunctionScriptingTraits (0ms)
			SetupTypeCache (439ms)
			ReleaseScriptCaches (1ms)
			RebuildScriptCaches (78ms)
			SetupLoadedEditorAssemblies (810ms)
				LogAssemblyErrors (0ms)
				InitializePlatformSupportModulesInManaged (8ms)
				SetLoadedEditorAssemblies (1ms)
				RefreshPlugins (1ms)
				BeforeProcessingInitializeOnLoad (158ms)
				ProcessInitializeOnLoadAttributes (416ms)
				ProcessInitializeOnLoadMethodAttributes (216ms)
				AfterProcessingInitializeOnLoad (10ms)
				EditorAssembliesLoaded (0ms)
			ExecutionOrderSort2 (0ms)
			AwakeInstancesAfterBackupRestoration (12ms)
Platform modules already initialized, skipping
========================================================================
Worker process is ready to serve import requests
Launched and connected shader compiler UnityShaderCompiler.exe after 0.07 seconds
Refreshing native plugins compatible for Editor in 4.07 ms, found 3 plugins.
Preloading 0 native plugins for Editor in 0.00 ms.
Unloading 4066 Unused Serialized files (Serialized files now loaded: 0)
Unloading 67 unused Assets / (1.3 MB). Loaded Objects now: 4494.
Memory consumption went from 146.2 MB to 144.9 MB.
Total: 17.341200 ms (FindLiveObjects: 0.792900 ms CreateObjectMapping: 0.455800 ms MarkObjects: 15.265600 ms  DeleteObjects: 0.823800 ms)

AssetImportParameters requested are different than current active one (requested -> active):
  custom:video-decoder-ogg-theora: a1e56fd34408186e4bbccfd4996cb3dc -> 
  custom:container-muxer-webm: aa71ff27fc2769a1b78a27578f13a17b -> 
  custom:container-demuxer-webm: 4f35f7cbe854078d1ac9338744f61a02 -> 
  custom:video-encoder-webm-vp8: eb34c28f22e8b96e1ab97ce403110664 -> 
  custom:audio-encoder-webm-vorbis: bf7c407c2cedff20999df2af8eb42d56 -> 
  custom:framework-win-MediaFoundation: 216162199b28c13a410421893ffa2e32 -> 
  custom:container-demuxer-ogg: 62fdf1f143b41e24485cea50d1cbac27 -> 
  custom:video-decoder-webm-vp8: 9c59270c3fd7afecdb556c50c9e8de78 -> 
  custom:audio-decoder-ogg-vorbis: bf7c407c2cedff20999df2af8eb42d56 -> 
========================================================================
Received Import Request.
  Time since last request: 32204.232687 seconds.
  path: Assets/Scenes/SampleScene.unity
  artifactKey: Guid(9fc0d4010bbf28b4594072e72b8655ab) Importer(815301076,1909f56bfc062723c751e8b465ee728b)
Start importing Assets/Scenes/SampleScene.unity using Guid(9fc0d4010bbf28b4594072e72b8655ab) Importer(815301076,1909f56bfc062723c751e8b465ee728b)  -> (artifact id: 'c4648b7bcf205ad5f229330feed8a95f') in 0.025049 seconds 
========================================================================
Received Import Request.
  Time since last request: 3.770043 seconds.
  path: Assets/Kawaii Slime/Animator
  artifactKey: Guid(79caf1f1fa5055c40b3a80be393ba76d) Importer(815301076,1909f56bfc062723c751e8b465ee728b)
Start importing Assets/Kawaii Slime/Animator using Guid(79caf1f1fa5055c40b3a80be393ba76d) Importer(815301076,1909f56bfc062723c751e8b465ee728b)  -> (artifact id: '0a62795d58b7855b48a723457fae623c') in 0.009791 seconds 
========================================================================
Received Import Request.
  Time since last request: 3.959211 seconds.
  path: Assets/Kawaii Slime/Prefabs
  artifactKey: Guid(5cd1099306649244aa937b3aed157f25) Importer(815301076,1909f56bfc062723c751e8b465ee728b)
Start importing Assets/Kawaii Slime/Prefabs using Guid(5cd1099306649244aa937b3aed157f25) Importer(815301076,1909f56bfc062723c751e8b465ee728b)  -> (artifact id: '6b43b731f054fdf7fae0297c8365514a') in 0.017232 seconds 
========================================================================
Received Import Request.
  Time since last request: 0.020751 seconds.
  path: Assets/Kawaii Slime/Prefabs/Slime_01.prefab
  artifactKey: Guid(d941199d4a58fcb45adc75ea8e37c42c) Importer(815301076,1909f56bfc062723c751e8b465ee728b)
Start importing Assets/Kawaii Slime/Prefabs/Slime_01.prefab using Guid(d941199d4a58fcb45adc75ea8e37c42c) Importer(815301076,1909f56bfc062723c751e8b465ee728b)  -> (artifact id: 'b2d377610c3de03ee351dd3387ddb904') in 0.222934 seconds 
========================================================================
Received Import Request.
  Time since last request: 0.000059 seconds.
  path: Assets/Kawaii Slime/Prefabs/Slime_03.prefab
  artifactKey: Guid(fa12db7f8a3f0714799c08ee4da865d6) Importer(815301076,1909f56bfc062723c751e8b465ee728b)
Start importing Assets/Kawaii Slime/Prefabs/Slime_03.prefab using Guid(fa12db7f8a3f0714799c08ee4da865d6) Importer(815301076,1909f56bfc062723c751e8b465ee728b)  -> (artifact id: '2b23dde5ebfefb0e7b1b0f740c2e7ad7') in 0.056928 seconds 
========================================================================
Received Import Request.
  Time since last request: 0.000037 seconds.
  path: Assets/Kawaii Slime/Prefabs/Slime_01_MeltalHelmet.prefab
  artifactKey: Guid(0ba0f6eee23032e4e83d421e739dc905) Importer(815301076,1909f56bfc062723c751e8b465ee728b)
Start importing Assets/Kawaii Slime/Prefabs/Slime_01_MeltalHelmet.prefab using Guid(0ba0f6eee23032e4e83d421e739dc905) Importer(815301076,1909f56bfc062723c751e8b465ee728b)  -> (artifact id: '6dcf8071f78b66c994bc56c5fef25851') in 0.051779 seconds 
========================================================================
Received Import Request.
  Time since last request: 0.000033 seconds.
  path: Assets/Kawaii Slime/Prefabs/Slime_03 King.prefab
  artifactKey: Guid(93df5c48d5e021040916b0e984d9b01a) Importer(815301076,1909f56bfc062723c751e8b465ee728b)
Start importing Assets/Kawaii Slime/Prefabs/Slime_03 King.prefab using Guid(93df5c48d5e021040916b0e984d9b01a) Importer(815301076,1909f56bfc062723c751e8b465ee728b)  -> (artifact id: 'c9b7de3ced4874ddc00e463baa6cfb9e') in 0.047600 seconds 
========================================================================
Received Import Request.
  Time since last request: 0.000035 seconds.
  path: Assets/Kawaii Slime/Prefabs/Slime_02.prefab
  artifactKey: Guid(72c47fdc43d84b243bdc109c284341d6) Importer(815301076,1909f56bfc062723c751e8b465ee728b)
Start importing Assets/Kawaii Slime/Prefabs/Slime_02.prefab using Guid(72c47fdc43d84b243bdc109c284341d6) Importer(815301076,1909f56bfc062723c751e8b465ee728b)  -> (artifact id: '706f6c2e8dfeb2d74ee7e47469a359dd') in 0.043554 seconds 
========================================================================
Received Import Request.
  Time since last request: 216.280146 seconds.
  path: Assets/Character_Witch_Dragon
  artifactKey: Guid(c58208bc44a03854f8e687dbd7a68738) Importer(815301076,1909f56bfc062723c751e8b465ee728b)
Start importing Assets/Character_Witch_Dragon using Guid(c58208bc44a03854f8e687dbd7a68738) Importer(815301076,1909f56bfc062723c751e8b465ee728b)  -> (artifact id: 'b97e4a7a4bf9b1a7a2b1807892d4d47f') in 0.014328 seconds 
========================================================================
Received Import Request.
  Time since last request: 3.343623 seconds.
  path: Assets/Character_Witch_Dragon/Prefabs
  artifactKey: Guid(f0f38621349f00842aa628eafcde2a27) Importer(815301076,1909f56bfc062723c751e8b465ee728b)
Start importing Assets/Character_Witch_Dragon/Prefabs using Guid(f0f38621349f00842aa628eafcde2a27) Importer(815301076,1909f56bfc062723c751e8b465ee728b)  -> (artifact id: '072bf2805ef40ecea8b2e98de777b0ee') in 0.003846 seconds 
========================================================================
Received Import Request.
  Time since last request: 0.038933 seconds.
  path: Assets/Character_Witch_Dragon/Prefabs/ChaDragon.prefab
  artifactKey: Guid(1ad34b5cd1046bc44b507dfdf6b9a6d4) Importer(815301076,1909f56bfc062723c751e8b465ee728b)
Start importing Assets/Character_Witch_Dragon/Prefabs/ChaDragon.prefab using Guid(1ad34b5cd1046bc44b507dfdf6b9a6d4) Importer(815301076,1909f56bfc062723c751e8b465ee728b)  -> (artifact id: '84fb8a0cb94f6dac98c90eab83a63a55') in 0.068686 seconds 
========================================================================
Received Import Request.
  Time since last request: 39.955557 seconds.
  path: Assets/Character_Witch_Dragon/Models
  artifactKey: Guid(4d0cecc60ccc9d346b795a63ca46b937) Importer(815301076,1909f56bfc062723c751e8b465ee728b)
Start importing Assets/Character_Witch_Dragon/Models using Guid(4d0cecc60ccc9d346b795a63ca46b937) Importer(815301076,1909f56bfc062723c751e8b465ee728b)  -> (artifact id: 'e716faba44aaea482d39df7d001b0a1c') in 0.012760 seconds 
========================================================================
Received Prepare
Registering precompiled user dll's ...
Registered in 0.013081 seconds.
Begin MonoManager ReloadAssembly
Symbol file LoadedFromMemory doesn't match image C:\Users\debbyc\Desktop\3DGP\3DGP_Course_Project\Library\PackageCache\com.unity.visualscripting@1.7.8\Editor\VisualScripting.Core\Dependencies\DotNetZip\Unity.VisualScripting.IonicZip.dll
Symbol file LoadedFromMemory doesn't match image C:\Users\debbyc\Desktop\3DGP\3DGP_Course_Project\Library\PackageCache\com.unity.visualscripting@1.7.8\Editor\VisualScripting.Core\Dependencies\YamlDotNet\Unity.VisualScripting.YamlDotNet.dll
Native extension for WindowsStandalone target not found
Refreshing native plugins compatible for Editor in 3.67 ms, found 3 plugins.
Preloading 0 native plugins for Editor in 0.00 ms.
Mono: successfully reloaded assembly
- Completed reload, in  3.791 seconds
Domain Reload Profiling:
	ReloadAssembly (3792ms)
		BeginReloadAssembly (340ms)
			ExecutionOrderSort (0ms)
			DisableScriptedObjects (13ms)
			BackupInstance (0ms)
			ReleaseScriptingObjects (0ms)
			CreateAndSetChildDomain (108ms)
		EndReloadAssembly (3134ms)
			LoadAssemblies (248ms)
			RebuildTransferFunctionScriptingTraits (0ms)
			SetupTypeCache (904ms)
			ReleaseScriptCaches (5ms)
			RebuildScriptCaches (166ms)
			SetupLoadedEditorAssemblies (1621ms)
				LogAssemblyErrors (0ms)
				InitializePlatformSupportModulesInManaged (63ms)
				SetLoadedEditorAssemblies (3ms)
				RefreshPlugins (4ms)
				BeforeProcessingInitializeOnLoad (398ms)
				ProcessInitializeOnLoadAttributes (686ms)
				ProcessInitializeOnLoadMethodAttributes (441ms)
				AfterProcessingInitializeOnLoad (26ms)
				EditorAssembliesLoaded (1ms)
			ExecutionOrderSort2 (0ms)
			AwakeInstancesAfterBackupRestoration (19ms)
Platform modules already initialized, skipping
Refreshing native plugins compatible for Editor in 7.76 ms, found 3 plugins.
Preloading 0 native plugins for Editor in 0.00 ms.
Unloading 4031 Unused Serialized files (Serialized files now loaded: 0)
Unloading 60 unused Assets / (1.3 MB). Loaded Objects now: 4507.
Memory consumption went from 147.6 MB to 146.3 MB.
Total: 12.573100 ms (FindLiveObjects: 0.573800 ms CreateObjectMapping: 0.448500 ms MarkObjects: 11.216200 ms  DeleteObjects: 0.332800 ms)

AssetImportParameters requested are different than current active one (requested -> active):
  custom:video-decoder-ogg-theora: a1e56fd34408186e4bbccfd4996cb3dc -> 
  custom:container-muxer-webm: aa71ff27fc2769a1b78a27578f13a17b -> 
  custom:container-demuxer-webm: 4f35f7cbe854078d1ac9338744f61a02 -> 
  custom:video-encoder-webm-vp8: eb34c28f22e8b96e1ab97ce403110664 -> 
  custom:audio-encoder-webm-vorbis: bf7c407c2cedff20999df2af8eb42d56 -> 
  custom:framework-win-MediaFoundation: 216162199b28c13a410421893ffa2e32 -> 
  custom:container-demuxer-ogg: 62fdf1f143b41e24485cea50d1cbac27 -> 
  custom:video-decoder-webm-vp8: 9c59270c3fd7afecdb556c50c9e8de78 -> 
  custom:audio-decoder-ogg-vorbis: bf7c407c2cedff20999df2af8eb42d56 -> 
========================================================================
Received Import Request.
  Time since last request: 124.103748 seconds.
  path: Packages/com.unity.services.analytics/Runtime/AnalyticsServiceInstance.cs
  artifactKey: Guid(42a5b3091e714037a47a45c6dabe4965) Importer(815301076,1909f56bfc062723c751e8b465ee728b)
Start importing Packages/com.unity.services.analytics/Runtime/AnalyticsServiceInstance.cs using Guid(42a5b3091e714037a47a45c6dabe4965) Importer(815301076,1909f56bfc062723c751e8b465ee728b)  -> (artifact id: 'c09e0df9f74b4958e5bbfcb1f5ea9fa5') in 0.021628 seconds 
